2020-01-15 10:06:59,956 - INFO - 35124 - NurseTab init
2020-01-15 10:06:59,956 - INFO - 35124 - NurseTab: loadNurses
2020-01-15 10:06:59,957 - INFO - 35124 - Nurse: created: E_Holinka-Fabin timejob: 1
2020-01-15 10:06:59,957 - INFO - 35124 - Nurse: created: J_Vyshtaliuk timejob: 1
2020-01-15 10:06:59,957 - INFO - 35124 - Nurse: created: W_Naryjek timejob: 0
2020-01-15 10:06:59,957 - INFO - 35124 - Nurse: created: T_Wieclawek timejob: 0
2020-01-15 10:06:59,957 - INFO - 35124 - Nurse: created: E_Maslarz timejob: 0
2020-01-15 10:06:59,957 - INFO - 35124 - Nurse: created: D_Ben-Madej timejob: 0
2020-01-15 10:06:59,957 - INFO - 35124 - Nurse: created: V_Lodzinska timejob: 0
2020-01-15 10:06:59,957 - INFO - 35124 - Nurse: created: D_Szwaja timejob: 0
2020-01-15 10:06:59,957 - INFO - 35124 - Nurse: created: K_Banucha timejob: 1
2020-01-15 10:06:59,957 - INFO - 35124 - Nurse: created: E_Burdzicka timejob: 1
2020-01-15 10:06:59,957 - INFO - 35124 - Nurse: created: I_Hazubska timejob: 0.5
2020-01-15 10:06:59,957 - INFO - 35124 - Nurse: created: A_Olszowa timejob: 1
2020-01-15 10:06:59,957 - INFO - 35124 - Nurse: created: M_Kolodziej timejob: 0
2020-01-15 10:06:59,957 - INFO - 35124 - Nurse: created: D_Prokop timejob: 1
2020-01-15 10:06:59,957 - INFO - 35124 - Nurse: created: R_Ziomek timejob: 1
2020-01-15 10:06:59,957 - INFO - 35124 - Nurse: created: T_Rodacka timejob: 0
2020-01-15 10:06:59,957 - INFO - 35124 - Nurse: created: I_Bielinska timejob: 0
2020-01-15 10:06:59,957 - INFO - 35124 - Nurse: created: B_Buczkowska timejob: 0
2020-01-15 10:06:59,957 - INFO - 35124 - Nurse: created: L_Osak timejob: 0
2020-01-15 10:06:59,958 - INFO - 35124 - Nurse: created: D_Palica timejob: 0
2020-01-15 10:06:59,958 - INFO - 35124 - NurseTab: loadNurses: created: 20 nurses
2020-01-15 10:06:59,975 - INFO - 35124 - Duty date name: sobota
2020-01-15 10:06:59,975 - INFO - 35124 - Duty date name: niedziela
2020-01-15 10:06:59,975 - INFO - 35124 - Duty date name: poniedzia쓴k
2020-01-15 10:06:59,975 - INFO - 35124 - Duty date name: wtorek
2020-01-15 10:06:59,975 - INFO - 35124 - Duty date name: roda
2020-01-15 10:06:59,975 - INFO - 35124 - Duty date name: czwartek
2020-01-15 10:06:59,975 - INFO - 35124 - Duty date name: pi졊ek
2020-01-15 10:06:59,975 - INFO - 35124 - Duty date name: sobota
2020-01-15 10:06:59,975 - INFO - 35124 - Duty date name: niedziela
2020-01-15 10:06:59,975 - INFO - 35124 - Duty date name: poniedzia쓴k
2020-01-15 10:06:59,976 - INFO - 35124 - Duty date name: wtorek
2020-01-15 10:06:59,976 - INFO - 35124 - Duty date name: roda
2020-01-15 10:06:59,976 - INFO - 35124 - Duty date name: czwartek
2020-01-15 10:06:59,976 - INFO - 35124 - Duty date name: pi졊ek
2020-01-15 10:06:59,976 - INFO - 35124 - Duty date name: sobota
2020-01-15 10:06:59,976 - INFO - 35124 - Duty date name: niedziela
2020-01-15 10:06:59,976 - INFO - 35124 - Duty date name: poniedzia쓴k
2020-01-15 10:06:59,976 - INFO - 35124 - Duty date name: wtorek
2020-01-15 10:06:59,976 - INFO - 35124 - Duty date name: roda
2020-01-15 10:06:59,976 - INFO - 35124 - Duty date name: czwartek
2020-01-15 10:06:59,976 - INFO - 35124 - Duty date name: pi졊ek
2020-01-15 10:06:59,976 - INFO - 35124 - Duty date name: sobota
2020-01-15 10:06:59,977 - INFO - 35124 - Duty date name: niedziela
2020-01-15 10:06:59,977 - INFO - 35124 - Duty date name: poniedzia쓴k
2020-01-15 10:06:59,977 - INFO - 35124 - Duty date name: wtorek
2020-01-15 10:06:59,977 - INFO - 35124 - Duty date name: roda
2020-01-15 10:06:59,977 - INFO - 35124 - Duty date name: czwartek
2020-01-15 10:06:59,977 - INFO - 35124 - Duty date name: pi졊ek
2020-01-15 10:06:59,977 - INFO - 35124 - Duty date name: sobota
2020-01-15 10:07:00,016 - INFO - 35124 - ScheduleTab: createListCTRL: create calendar for days: [<Duty.Duty object at 0x000002118D45CBC8>, <Duty.Duty object at 0x000002118D45CCC8>, <Duty.Duty object at 0x000002118F0C84C8>, <Duty.Duty object at 0x000002118F0C8A48>, <Duty.Duty object at 0x000002118F0C9248>, <Duty.Duty object at 0x000002118F0C9508>, <Duty.Duty object at 0x000002118F0C9548>, <Duty.Duty object at 0x000002118F0C9748>, <Duty.Duty object at 0x000002118F0C9648>, <Duty.Duty object at 0x000002118F0C9888>, <Duty.Duty object at 0x000002118F0C9988>, <Duty.Duty object at 0x000002118F0C9A48>, <Duty.Duty object at 0x000002118F0C9B08>, <Duty.Duty object at 0x000002118F0C9BC8>, <Duty.Duty object at 0x000002118F0C9C88>, <Duty.Duty object at 0x000002118F0C9D88>, <Duty.Duty object at 0x000002118F0C9F08>, <Duty.Duty object at 0x000002118F0CC108>, <Duty.Duty object at 0x000002118F0CC1C8>, <Duty.Duty object at 0x000002118F0CC308>, <Duty.Duty object at 0x000002118F0CC448>, <Duty.Duty object at 0x000002118F0CC588>, <Duty.Duty object at 0x000002118F0CC6C8>, <Duty.Duty object at 0x000002118F0CC848>, <Duty.Duty object at 0x000002118F0CC988>, <Duty.Duty object at 0x000002118F0CCAC8>, <Duty.Duty object at 0x000002118F0CCC08>, <Duty.Duty object at 0x000002118F0CCD48>, <Duty.Duty object at 0x000002118F0CCE88>]
2020-01-15 10:07:03,443 - INFO - 35124 - Duty date name: sobota
2020-01-15 10:07:03,443 - INFO - 35124 - Duty date name: niedziela
2020-01-15 10:07:03,443 - INFO - 35124 - Duty date name: poniedzia쓴k
2020-01-15 10:07:03,443 - INFO - 35124 - Duty date name: wtorek
2020-01-15 10:07:03,443 - INFO - 35124 - Duty date name: roda
2020-01-15 10:07:03,444 - INFO - 35124 - Duty date name: czwartek
2020-01-15 10:07:03,444 - INFO - 35124 - Duty date name: pi졊ek
2020-01-15 10:07:03,444 - INFO - 35124 - Duty date name: sobota
2020-01-15 10:07:03,444 - INFO - 35124 - Duty date name: niedziela
2020-01-15 10:07:03,444 - INFO - 35124 - Duty date name: poniedzia쓴k
2020-01-15 10:07:03,444 - INFO - 35124 - Duty date name: wtorek
2020-01-15 10:07:03,444 - INFO - 35124 - Duty date name: roda
2020-01-15 10:07:03,444 - INFO - 35124 - Duty date name: czwartek
2020-01-15 10:07:03,444 - INFO - 35124 - Duty date name: pi졊ek
2020-01-15 10:07:03,445 - INFO - 35124 - Duty date name: sobota
2020-01-15 10:07:03,445 - INFO - 35124 - Duty date name: niedziela
2020-01-15 10:07:03,445 - INFO - 35124 - Duty date name: poniedzia쓴k
2020-01-15 10:07:03,445 - INFO - 35124 - Duty date name: wtorek
2020-01-15 10:07:03,445 - INFO - 35124 - Duty date name: roda
2020-01-15 10:07:03,445 - INFO - 35124 - Duty date name: czwartek
2020-01-15 10:07:03,445 - INFO - 35124 - Duty date name: pi졊ek
2020-01-15 10:07:03,445 - INFO - 35124 - Duty date name: sobota
2020-01-15 10:07:03,445 - INFO - 35124 - Duty date name: niedziela
2020-01-15 10:07:03,445 - INFO - 35124 - Duty date name: poniedzia쓴k
2020-01-15 10:07:03,446 - INFO - 35124 - Duty date name: wtorek
2020-01-15 10:07:03,446 - INFO - 35124 - Duty date name: roda
2020-01-15 10:07:03,446 - INFO - 35124 - Duty date name: czwartek
2020-01-15 10:07:03,446 - INFO - 35124 - Duty date name: pi졊ek
2020-01-15 10:07:03,446 - INFO - 35124 - Duty date name: sobota
2020-01-15 10:07:03,451 - INFO - 35124 - ScheduleTab: createListCTRL: create calendar for days: [<Duty.Duty object at 0x000002118F0C0048>, <Duty.Duty object at 0x000002118D45CCC8>, <Duty.Duty object at 0x000002118F0C84C8>, <Duty.Duty object at 0x000002118F0C8A48>, <Duty.Duty object at 0x000002118F0C9148>, <Duty.Duty object at 0x000002118F0C9608>, <Duty.Duty object at 0x000002118F0C9108>, <Duty.Duty object at 0x000002118F0C97C8>, <Duty.Duty object at 0x000002118F0C9788>, <Duty.Duty object at 0x000002118F0C9908>, <Duty.Duty object at 0x000002118F0C9988>, <Duty.Duty object at 0x000002118F0C9AC8>, <Duty.Duty object at 0x000002118F0C9B08>, <Duty.Duty object at 0x000002118F0C9C48>, <Duty.Duty object at 0x000002118F0C9C88>, <Duty.Duty object at 0x000002118F0C9E48>, <Duty.Duty object at 0x000002118F0C9FC8>, <Duty.Duty object at 0x000002118F0CC208>, <Duty.Duty object at 0x000002118F0CC288>, <Duty.Duty object at 0x000002118F0CC308>, <Duty.Duty object at 0x000002118F0CC508>, <Duty.Duty object at 0x000002118F0CC588>, <Duty.Duty object at 0x000002118F0CC788>, <Duty.Duty object at 0x000002118F0CC908>, <Duty.Duty object at 0x000002118F0CC988>, <Duty.Duty object at 0x000002118F0CCB88>, <Duty.Duty object at 0x000002118F0CCC08>, <Duty.Duty object at 0x000002118F0CCE08>, <Duty.Duty object at 0x000002118F0D00C8>]
